<?xml version="1.0" encoding="UTF-8"?>
<beans xmlns="http://www.springframework.org/schema/beans"
       xmlns:xsi="http://www.w3.org/2001/XMLSchema-instance"
       xmlns:util="http://www.springframework.org/schema/util"
       xsi:schemaLocation="
        http://www.springframework.org/schema/util http://www.springframework.org/schema/util/spring-util-3.1.xsd
        http://www.springframework.org/schema/beans http://www.springframework.org/schema/beans/spring-beans-3.1.xsd">

    <util:map id="jndiProp">
        <entry key="java.naming.provider.url" value="remote://192.168.1.7:4447"/>
        <entry key="java.naming.factory.initial" value="org.jboss.naming.remote.client.InitialContextFactory"/>
        <entry key="java.naming.factory.url.pkgs" value="java.naming.factory.url.pkgs"/>
        <entry key="java.naming.security.principal" value="jmsuser"/>
        <entry key="java.naming.security.credentials" value="jmsuser123!"/>

    </util:map>


    <bean id="jmsConsumerConfiguration" class="org.ikasan.component.endpoint.jms.spring.consumer.SpringMessageConsumerConfiguration">


        <property name="connectionFactoryName" value="jms/RemoteConnectionFactory"/>
        <property name="destinationJndiName" value="jms/topic/testSource"/>
        <property name="connectionFactoryJndiProperties" ref="jndiProp"/>
        <property name="destinationJndiProperties" ref="jndiProp"/>
        <property name="connectionFactoryUsername" value="jmsuser"/>
        <property name="connectionFactoryPassword" value="jmsuser123!"/>

        <property name="sessionTransacted" value="true"/>
        <property name="pubSubDomain" value="true"/>
        <property name="durable" value="true"/>
        <property name="durableSubscriptionName" value="simpleJms"/>
        <property name="autoContentConversion" value="true"/>

    </bean>


    <bean id="jmsProducerConfiguration" class="org.ikasan.component.endpoint.jms.spring.producer.SpringMessageProducerConfiguration">
        <property name="connectionFactoryName" value="jms/RemoteConnectionFactory"/>

        <property name="destinationJndiName" value="jms/topic/testTarget"/>

        <property name="connectionFactoryJndiProperties" ref="jndiProp"/>
        <property name="destinationJndiProperties" ref="jndiProp"/>

        <property name="connectionFactoryUsername" value="jmsuser"/>
        <property name="connectionFactoryPassword" value="jmsuser123!"/>

        <property name="sessionTransacted" value="true"/>
        <property name="pubSubDomain" value="true"/>
        <property name="messageIdEnabled" value="true"/>
        <property name="deliveryPersistent" value="true"/>
    </bean>



    <bean name="hornetConnectionFactory" class="org.hornetq.jms.client.HornetQJMSConnectionFactory">
        <constructor-arg name="ha" value="false"></constructor-arg>
        <constructor-arg>
            <bean name="transportConfiguration" class="org.hornetq.api.core.TransportConfiguration">
                <constructor-arg
                        value="org.hornetq.core.remoting.impl.netty.NettyConnectorFactory" />
                <constructor-arg>
                    <map key-type="java.lang.String" value-type="java.lang.Object">
                        <entry key="host" value="192.168.1.7" />
                        <entry key="port" value="5445" />
                    </map>
                </constructor-arg>
            </bean>
        </constructor-arg>
    </bean>

</beans>